<?xml version="1.0" encoding="UTF-8"?>
<!-- Generated by org.testng.reporters.JUnitReportReporter -->
<testsuite skipped="0" hostname="MW-LT-076" name="baseTest.hkj" tests="1" failures="0" timestamp="2020-06-16T17:44:36 IST" time="0.006" errors="0">
  <testcase name="getAPITest3" time="0.006" classname="baseTest.hkj"/>
  <system-out/>
</testsuite> <!-- baseTest.hkj -->
