<?xml version="1.0" encoding="UTF-8"?>
<!-- Generated by org.testng.reporters.JUnitReportReporter -->
<testsuite skipped="0" hostname="MW-LT-076" name="DaVitaApiTest.adminAPITestCases" tests="15" failures="0" timestamp="2020-06-23T14:23:43 IST" time="24.648" errors="0">
  <testcase name="invalidLogin" time="2.447" classname="DaVitaApiTest.adminAPITestCases"/>
  <system-out/>
  <testcase name="validLogin" time="1.439" classname="DaVitaApiTest.adminAPITestCases"/>
  <system-out/>
  <testcase name="adminUserDetails" time="2.342" classname="DaVitaApiTest.adminAPITestCases"/>
  <system-out/>
  <testcase name="createNewUser" time="2.363" classname="DaVitaApiTest.adminAPITestCases"/>
  <system-out/>
  <testcase name="alluserList" time="1.341" classname="DaVitaApiTest.adminAPITestCases"/>
  <system-out/>
  <testcase name="archiveUser" time="1.904" classname="DaVitaApiTest.adminAPITestCases"/>
  <system-out/>
  <testcase name="clinicDetails" time="0.555" classname="DaVitaApiTest.adminAPITestCases"/>
  <system-out/>
  <testcase name="deleteUser" time="2.057" classname="DaVitaApiTest.adminAPITestCases"/>
  <system-out/>
  <testcase name="filterByAdmin" time="1.213" classname="DaVitaApiTest.adminAPITestCases"/>
  <system-out/>
  <testcase name="filterByPatient" time="1.838" classname="DaVitaApiTest.adminAPITestCases"/>
  <system-out/>
  <testcase name="filterByPhysician" time="1.100" classname="DaVitaApiTest.adminAPITestCases"/>
  <system-out/>
  <testcase name="filterByCombineRoleType" time="1.063" classname="DaVitaApiTest.adminAPITestCases"/>
  <system-out/>
  <testcase name="totalVideosCount" time="1.519" classname="DaVitaApiTest.adminAPITestCases"/>
  <system-out/>
  <testcase name="VideoPlay" time="1.762" classname="DaVitaApiTest.adminAPITestCases"/>
  <system-out/>
  <testcase name="surveyDetails" time="1.705" classname="DaVitaApiTest.adminAPITestCases"/>
  <system-out/>
</testsuite> <!-- DaVitaApiTest.adminAPITestCases -->
