<?xml version="1.0" encoding="UTF-8"?>
<!-- Generated by org.testng.reporters.JUnitReportReporter -->
<testsuite skipped="3" hostname="MW-LT-076" name="baseTest.POSTRequest" tests="5" failures="0" timestamp="2020-06-21T19:23:40 IST" time="5.937" errors="0">
  <testcase name="validLogin" time="3.432" classname="baseTest.POSTRequest"/>
  <system-out/>
  <testcase name="alluserList" time="2.505" classname="baseTest.POSTRequest"/>
  <system-out/>
  <testcase name="patientDetailsAPI" classname="baseTest.POSTRequest">
    <skipped/>
  </testcase> <!-- patientDetailsAPI -->
  <system-out/>
  <testcase name="archiveUser" classname="baseTest.POSTRequest">
    <skipped/>
  </testcase> <!-- archiveUser -->
  <system-out/>
  <testcase name="createNewUserAPI" classname="baseTest.POSTRequest">
    <skipped/>
  </testcase> <!-- createNewUserAPI -->
  <system-out/>
</testsuite> <!-- baseTest.POSTRequest -->
