<?xml version="1.0" encoding="UTF-8"?>
<!-- Generated by org.testng.reporters.JUnitReportReporter -->
<testsuite skipped="5" hostname="MW-LT-076" name="testCases.LoginWithAdmin" tests="6" failures="0" timestamp="2020-06-12T10:01:18 IST" time="27.714" errors="0">
  <testcase name="createNewUser" time="27.714" classname="testCases.LoginWithAdmin"/>
  <system-out/>
  <testcase name="VerifyLogout" classname="testCases.LoginWithAdmin">
    <skipped/>
  </testcase> <!-- VerifyLogout -->
  <system-out/>
  <testcase name="VerifyCancelNewUserButton" classname="testCases.LoginWithAdmin">
    <skipped/>
  </testcase> <!-- VerifyCancelNewUserButton -->
  <system-out/>
  <testcase name="invalidLogin" classname="testCases.LoginWithAdmin">
    <skipped/>
  </testcase> <!-- invalidLogin -->
  <system-out/>
  <testcase name="validLogin" classname="testCases.LoginWithAdmin">
    <skipped/>
  </testcase> <!-- validLogin -->
  <system-out/>
  <testcase name="VerifyEditProfile" classname="testCases.LoginWithAdmin">
    <skipped/>
  </testcase> <!-- VerifyEditProfile -->
  <system-out/>
</testsuite> <!-- testCases.LoginWithAdmin -->
