<?xml version="1.0" encoding="UTF-8"?>
<!-- Generated by org.testng.reporters.JUnitReportReporter -->
<testsuite skipped="1" hostname="MW-LT-076" name="DaVitaApiTest.patientAPITestCases" tests="5" failures="0" timestamp="2020-06-23T12:35:34 IST" time="8.959" errors="0">
  <testcase name="validLogin" time="2.567" classname="DaVitaApiTest.patientAPITestCases"/>
  <system-out/>
  <testcase name="totalVideosCount" time="2.719" classname="DaVitaApiTest.patientAPITestCases"/>
  <system-out/>
  <testcase name="percentOfVideoPlay" time="1.928" classname="DaVitaApiTest.patientAPITestCases"/>
  <system-out/>
  <testcase name="surveyDetails" time="1.745" classname="DaVitaApiTest.patientAPITestCases"/>
  <system-out/>
  <testcase name="userActivity" classname="DaVitaApiTest.patientAPITestCases">
    <skipped/>
  </testcase> <!-- userActivity -->
  <system-out/>
</testsuite> <!-- DaVitaApiTest.patientAPITestCases -->
